<?xml version="1.0" encoding="UTF-8"?>
<testng-results skipped="0" failed="1" total="5" passed="4">
  <reporter-output>
  </reporter-output>
  <suite name="Interagating Scripts" duration-ms="97864" started-at="2017-10-31T14:14:10Z" finished-at="2017-10-31T14:15:48Z">
    <groups>
    </groups>
    <test name="Keyword Testing" duration-ms="91383" started-at="2017-10-31T14:14:10Z" finished-at="2017-10-31T14:15:41Z">
      <class name="keword_Driven_testing.New_Tours_Login">
        <test-method status="PASS" signature="setup()[pri:0, instance:keword_Driven_testing.New_Tours_Login@51565ec2]" name="setup" is-config="true" duration-ms="33941" started-at="2017-10-31T10:14:10Z" finished-at="2017-10-31T10:14:44Z">
          <reporter-output>
          </reporter-output>
        </test-method> <!-- setup -->
        <test-method status="PASS" signature="Login()[pri:0, instance:keword_Driven_testing.New_Tours_Login@51565ec2]" name="Login" duration-ms="56716" started-at="2017-10-31T10:14:44Z" finished-at="2017-10-31T10:15:40Z">
          <reporter-output>
          </reporter-output>
        </test-method> <!-- Login -->
        <test-method status="PASS" signature="tearDown()[pri:0, instance:keword_Driven_testing.New_Tours_Login@51565ec2]" name="tearDown" is-config="true" duration-ms="634" started-at="2017-10-31T10:15:40Z" finished-at="2017-10-31T10:15:41Z">
          <reporter-output>
          </reporter-output>
        </test-method> <!-- tearDown -->
      </class> <!-- keword_Driven_testing.New_Tours_Login -->
    </test> <!-- Keyword Testing -->
    <test name="yahoo_Test" duration-ms="97864" started-at="2017-10-31T14:14:10Z" finished-at="2017-10-31T14:15:48Z">
      <class name="yahoo_Test.Login_Yahoo_Email">
        <test-method status="PASS" signature="StartBrowser()[pri:0, instance:yahoo_Test.Login_Yahoo_Email@5f375618]" name="StartBrowser" is-config="true" duration-ms="43050" started-at="2017-10-31T10:14:10Z" finished-at="2017-10-31T10:14:53Z">
          <reporter-output>
          </reporter-output>
        </test-method> <!-- StartBrowser -->
        <test-method status="PASS" signature="ClickLogin()[pri:1, instance:yahoo_Test.Login_Yahoo_Email@5f375618]" name="ClickLogin" duration-ms="1998" started-at="2017-10-31T10:14:53Z" finished-at="2017-10-31T10:14:55Z">
          <reporter-output>
          </reporter-output>
        </test-method> <!-- ClickLogin -->
        <test-method status="PASS" signature="LingIn()[pri:2, instance:yahoo_Test.Login_Yahoo_Email@5f375618]" name="LingIn" duration-ms="13842" started-at="2017-10-31T10:14:55Z" finished-at="2017-10-31T10:15:09Z">
          <reporter-output>
          </reporter-output>
        </test-method> <!-- LingIn -->
        <test-method status="PASS" signature="PasswordSingIN()[pri:3, instance:yahoo_Test.Login_Yahoo_Email@5f375618]" name="PasswordSingIN" duration-ms="13948" started-at="2017-10-31T10:15:09Z" finished-at="2017-10-31T10:15:23Z">
          <reporter-output>
          </reporter-output>
        </test-method> <!-- PasswordSingIN -->
        <test-method status="FAIL" signature="LogOUT()[pri:4, instance:yahoo_Test.Login_Yahoo_Email@5f375618]" name="LogOUT" duration-ms="20955" started-at="2017-10-31T10:15:23Z" finished-at="2017-10-31T10:15:44Z">
          <exception class="org.openqa.selenium.ElementNotVisibleException">
            <message>
              <![CDATA[element not visible
  (Session info: chrome=61.0.3163.100)
  (Driver info: chromedriver=2.33.506120 (e3e53437346286c0bc2d2dc9aa4915ba81d9023f),platform=Windows NT 6.1.7601 SP1 x86_64) (WARNING: The server did not provide any stacktrace information)
Command duration or timeout: 213 milliseconds
Build info: version: '2.53.1', revision: 'a36b8b1', time: '2016-06-30 17:37:03'
System info: host: 'Fahima-VAIO', ip: '192.168.109.1', os.name: 'Windows 7', os.arch: 'amd64', os.version: '6.1', java.version: '1.8.0_144'
Driver info: org.openqa.selenium.chrome.ChromeDriver
Capabilities [{applicationCacheEnabled=false, rotatable=false, mobileEmulationEnabled=false, networkConnectionEnabled=false, chrome={chromedriverVersion=2.33.506120 (e3e53437346286c0bc2d2dc9aa4915ba81d9023f), userDataDir=C:\Users\Fahima\AppData\Local\Temp\scoped_dir5312_30944}, takesHeapSnapshot=true, pageLoadStrategy=normal, databaseEnabled=false, handlesAlerts=true, hasTouchScreen=false, version=61.0.3163.100, platform=XP, browserConnectionEnabled=false, nativeEvents=true, acceptSslCerts=true, locationContextEnabled=true, webStorageEnabled=true, browserName=chrome, takesScreenshot=true, javascriptEnabled=true, cssSelectorsEnabled=true, setWindowRect=true, unexpectedAlertBehaviour=}]
Session ID: 06f58e21a49576062f38e9a1520f9f5a]]>
            </message>
            <full-stacktrace>
              <![CDATA[org.openqa.selenium.ElementNotVisibleException: element not visible
  (Session info: chrome=61.0.3163.100)
  (Driver info: chromedriver=2.33.506120 (e3e53437346286c0bc2d2dc9aa4915ba81d9023f),platform=Windows NT 6.1.7601 SP1 x86_64) (WARNING: The server did not provide any stacktrace information)
Command duration or timeout: 213 milliseconds
Build info: version: '2.53.1', revision: 'a36b8b1', time: '2016-06-30 17:37:03'
System info: host: 'Fahima-VAIO', ip: '192.168.109.1', os.name: 'Windows 7', os.arch: 'amd64', os.version: '6.1', java.version: '1.8.0_144'
Driver info: org.openqa.selenium.chrome.ChromeDriver
Capabilities [{applicationCacheEnabled=false, rotatable=false, mobileEmulationEnabled=false, networkConnectionEnabled=false, chrome={chromedriverVersion=2.33.506120 (e3e53437346286c0bc2d2dc9aa4915ba81d9023f), userDataDir=C:\Users\Fahima\AppData\Local\Temp\scoped_dir5312_30944}, takesHeapSnapshot=true, pageLoadStrategy=normal, databaseEnabled=false, handlesAlerts=true, hasTouchScreen=false, version=61.0.3163.100, platform=XP, browserConnectionEnabled=false, nativeEvents=true, acceptSslCerts=true, locationContextEnabled=true, webStorageEnabled=true, browserName=chrome, takesScreenshot=true, javascriptEnabled=true, cssSelectorsEnabled=true, setWindowRect=true, unexpectedAlertBehaviour=}]
Session ID: 06f58e21a49576062f38e9a1520f9f5a
	at sun.reflect.NativeConstructorAccessorImpl.newInstance0(Native Method)
	at sun.reflect.NativeConstructorAccessorImpl.newInstance(Unknown Source)
	at sun.reflect.DelegatingConstructorAccessorImpl.newInstance(Unknown Source)
	at java.lang.reflect.Constructor.newInstance(Unknown Source)
	at org.openqa.selenium.remote.ErrorHandler.createThrowable(ErrorHandler.java:206)
	at org.openqa.selenium.remote.ErrorHandler.throwIfResponseFailed(ErrorHandler.java:158)
	at org.openqa.selenium.remote.RemoteWebDriver.execute(RemoteWebDriver.java:678)
	at org.openqa.selenium.remote.RemoteWebElement.execute(RemoteWebElement.java:327)
	at org.openqa.selenium.remote.RemoteWebElement.click(RemoteWebElement.java:85)
	at yahoo_Test.Login_Yahoo_Email.LogOUT(Login_Yahoo_Email.java:74)
	at sun.reflect.NativeMethodAccessorImpl.invoke0(Native Method)
	at sun.reflect.NativeMethodAccessorImpl.invoke(Unknown Source)
	at sun.reflect.DelegatingMethodAccessorImpl.invoke(Unknown Source)
	at java.lang.reflect.Method.invoke(Unknown Source)
	at org.testng.internal.MethodInvocationHelper.invokeMethod(MethodInvocationHelper.java:85)
	at org.testng.internal.Invoker.invokeMethod(Invoker.java:639)
	at org.testng.internal.Invoker.invokeTestMethod(Invoker.java:816)
	at org.testng.internal.Invoker.invokeTestMethods(Invoker.java:1124)
	at org.testng.internal.TestMethodWorker.invokeTestMethods(TestMethodWorker.java:125)
	at org.testng.internal.TestMethodWorker.run(TestMethodWorker.java:108)
	at org.testng.TestRunner.privateRun(TestRunner.java:774)
	at org.testng.TestRunner.run(TestRunner.java:624)
	at org.testng.SuiteRunner.runTest(SuiteRunner.java:359)
	at org.testng.SuiteRunner.access$000(SuiteRunner.java:39)
	at org.testng.SuiteRunner$SuiteWorker.run(SuiteRunner.java:393)
	at org.testng.internal.thread.ThreadUtil$2.call(ThreadUtil.java:64)
	at java.util.concurrent.FutureTask.run(Unknown Source)
	at java.util.concurrent.ThreadPoolExecutor.runWorker(Unknown Source)
	at java.util.concurrent.ThreadPoolExecutor$Worker.run(Unknown Source)
	at java.lang.Thread.run(Unknown Source)
]]>
            </full-stacktrace>
          </exception> <!-- org.openqa.selenium.ElementNotVisibleException -->
          <reporter-output>
          </reporter-output>
        </test-method> <!-- LogOUT -->
        <test-method status="PASS" signature="closeBrowser()[pri:0, instance:yahoo_Test.Login_Yahoo_Email@5f375618]" name="closeBrowser" is-config="true" duration-ms="3901" started-at="2017-10-31T10:15:44Z" finished-at="2017-10-31T10:15:48Z">
          <reporter-output>
          </reporter-output>
        </test-method> <!-- closeBrowser -->
      </class> <!-- yahoo_Test.Login_Yahoo_Email -->
    </test> <!-- yahoo_Test -->
  </suite> <!-- Interagating Scripts -->
</testng-results>
